<?xml version="1.0" encoding="UTF-8"?>
<!-- Generated by org.testng.reporters.JUnitReportReporter -->
<testsuite hostname="ER2301053" failures="0" tests="2" name="com.qa.dummytest.QR_Code" time="1.693" errors="0" timestamp="2023-02-16T15:33:38 IST" skipped="0">
  <testcase classname="com.qa.dummytest.QR_Code" name="Validate_QR_code_text1" time="0.947"/>
  <system-out/>
  <testcase classname="com.qa.dummytest.QR_Code" name="Validate_QR_code_text2" time="0.746"/>
  <system-out/>
</testsuite> <!-- com.qa.dummytest.QR_Code -->
