<?xml version="1.0" encoding="UTF-8"?>
<!-- Generated by org.testng.reporters.JUnitReportReporter -->
<testsuite hostname="ER2301053" failures="0" tests="9" name="com.qa.testcases.masterpages.subpages_3.CityPageTest" time="101.957" errors="0" timestamp="2023-04-03T16:48:48 IST" skipped="0">
  <testcase classname="com.qa.testcases.masterpages.subpages_3.CityPageTest" name="Verify_Navigation_to_menupage" time="3.193"/>
  <system-out/>
  <testcase classname="com.qa.testcases.masterpages.subpages_3.CityPageTest" name="Verify_Clicking_on_record_btn" time="2.099"/>
  <system-out/>
  <testcase classname="com.qa.testcases.masterpages.subpages_3.CityPageTest" name="Verify_Record_Add" time="22.009"/>
  <system-out/>
  <testcase classname="com.qa.testcases.masterpages.subpages_3.CityPageTest" name="Verify_Record_Already_exists" time="18.324"/>
  <system-out/>
  <testcase classname="com.qa.testcases.masterpages.subpages_3.CityPageTest" name="Verify_Validation_with_no_data" time="4.287"/>
  <system-out/>
  <testcase classname="com.qa.testcases.masterpages.subpages_3.CityPageTest" name="Verify_Record_Edited" time="5.335"/>
  <system-out/>
  <testcase classname="com.qa.testcases.masterpages.subpages_3.CityPageTest" name="Verify_Record_ToggleStatus" time="11.645"/>
  <system-out/>
  <testcase classname="com.qa.testcases.masterpages.subpages_3.CityPageTest" name="Verify_No_Record_found" time="2.160"/>
  <system-out/>
  <testcase classname="com.qa.testcases.masterpages.subpages_3.CityPageTest" name="Verify_Pagination" time="32.905"/>
  <system-out/>
</testsuite> <!-- com.qa.testcases.masterpages.subpages_3.CityPageTest -->
