<?xml version="1.0" encoding="UTF-8"?>
<!-- Generated by org.testng.reporters.JUnitReportReporter -->
<testsuite hostname="ER2301053" failures="0" tests="7" name="com.qa.testcases.inwardlist.ConsignmentListPageTest" time="114.418" errors="0" timestamp="2023-03-29T11:42:23 IST" skipped="0">
  <testcase classname="com.qa.testcases.inwardlist.ConsignmentListPageTest" name="Verify_Navigation" time="6.573"/>
  <system-out/>
  <testcase classname="com.qa.testcases.inwardlist.ConsignmentListPageTest" name="Verify_inwardbutton_click" time="0.125"/>
  <system-out/>
  <testcase classname="com.qa.testcases.inwardlist.ConsignmentListPageTest" name="Verify_filldata_DocumentDeatils" time="34.644"/>
  <system-out/>
  <testcase classname="com.qa.testcases.inwardlist.ConsignmentListPageTest" name="Verify_fill_data_KPCertificateDetails" time="10.930"/>
  <system-out/>
  <testcase classname="com.qa.testcases.inwardlist.ConsignmentListPageTest" name="Verify_fill_data_BillEntryDetails" time="5.533"/>
  <system-out/>
  <testcase classname="com.qa.testcases.inwardlist.ConsignmentListPageTest" name="Verify_fill_data_DocumentLines" time="3.841"/>
  <system-out/>
  <testcase classname="com.qa.testcases.inwardlist.ConsignmentListPageTest" name="Verify_fill_data_JangadExpenseDetails" time="52.772"/>
  <system-out/>
</testsuite> <!-- com.qa.testcases.inwardlist.ConsignmentListPageTest -->
