<?xml version="1.0" encoding="UTF-8"?>
<!-- Generated by org.testng.reporters.JUnitReportReporter -->
<testsuite hostname="P-A-R-T-H-P-A-T-E-L" failures="0" tests="10" name="com.qa.testcases.inwardlist.MemoListPageTest" time="153.754" errors="0" timestamp="2023-06-21T12:28:50 IST" skipped="0">
  <testcase classname="com.qa.testcases.inwardlist.MemoListPageTest" name="Verify_Navigation" time="6.187"/>
  <system-out/>
  <testcase classname="com.qa.testcases.inwardlist.MemoListPageTest" name="Verify_inwardbutton_click" time="0.141"/>
  <system-out/>
  <testcase classname="com.qa.testcases.inwardlist.MemoListPageTest" name="Verify_filldata_DocumentDeatils" time="27.343"/>
  <system-out/>
  <testcase classname="com.qa.testcases.inwardlist.MemoListPageTest" name="Verify_fill_data_DocumentLines" time="24.989"/>
  <system-out/>
  <testcase classname="com.qa.testcases.inwardlist.MemoListPageTest" name="Verify_fill_data_JangadExpenseDetails" time="70.132"/>
  <system-out/>
  <testcase classname="com.qa.testcases.inwardlist.MemoListPageTest" name="Verify_ValidateConfirmationRecord" time="1.061"/>
  <system-out/>
  <testcase classname="com.qa.testcases.inwardlist.MemoListPageTest" name="Verify_ValidateDisableFields" time="2.117"/>
  <system-out/>
  <testcase classname="com.qa.testcases.inwardlist.MemoListPageTest" name="Verify_ValidateEditFunctionality" time="11.576"/>
  <system-out/>
  <testcase classname="com.qa.testcases.inwardlist.MemoListPageTest" name="Verify_search_functionality_test" time="4.193"/>
  <system-out/>
  <testcase classname="com.qa.testcases.inwardlist.MemoListPageTest" name="pagination_functionality" time="6.015"/>
  <system-out/>
</testsuite> <!-- com.qa.testcases.inwardlist.MemoListPageTest -->
