<?xml version="1.0" encoding="UTF-8"?>
<!-- Generated by org.testng.reporters.JUnitReportReporter -->
<testsuite hostname="ER2301053" failures="0" tests="9" name="com.qa.testcases.masterpages.subpages_3.StatePageTest" time="76.146" errors="0" timestamp="2023-03-31T16:38:41 IST" skipped="0">
  <testcase classname="com.qa.testcases.masterpages.subpages_3.StatePageTest" name="Verify_Navigation_to_menupage" time="3.201"/>
  <system-out/>
  <testcase classname="com.qa.testcases.masterpages.subpages_3.StatePageTest" name="Verify_Clicking_on_record_btn" time="2.099"/>
  <system-out/>
  <testcase classname="com.qa.testcases.masterpages.subpages_3.StatePageTest" name="Verify_Record_Add" time="11.759"/>
  <system-out/>
  <testcase classname="com.qa.testcases.masterpages.subpages_3.StatePageTest" name="Verify_Record_Already_exists" time="13.070"/>
  <system-out/>
  <testcase classname="com.qa.testcases.masterpages.subpages_3.StatePageTest" name="Verify_Validation_with_no_data" time="4.270"/>
  <system-out/>
  <testcase classname="com.qa.testcases.masterpages.subpages_3.StatePageTest" name="Verify_Record_Edited" time="5.303"/>
  <system-out/>
  <testcase classname="com.qa.testcases.masterpages.subpages_3.StatePageTest" name="Verify_Record_ToggleStatus" time="11.654"/>
  <system-out/>
  <testcase classname="com.qa.testcases.masterpages.subpages_3.StatePageTest" name="Verify_No_Record_found" time="2.141"/>
  <system-out/>
  <testcase classname="com.qa.testcases.masterpages.subpages_3.StatePageTest" name="Verify_Pagination" time="22.649"/>
  <system-out/>
</testsuite> <!-- com.qa.testcases.masterpages.subpages_3.StatePageTest -->
