<?xml version="1.0" encoding="UTF-8"?>
<!-- Generated by org.testng.reporters.JUnitReportReporter -->
<testsuite hostname="ER2301053" failures="0" tests="9" name="com.qa.testcases.masterpages.subpages_2.PartySubCategoryPageTest" time="76.394" errors="0" timestamp="2023-03-31T14:19:13 IST" skipped="0">
  <testcase classname="com.qa.testcases.masterpages.subpages_2.PartySubCategoryPageTest" name="Verify_Navigation_to_menupage" time="3.204"/>
  <system-out/>
  <testcase classname="com.qa.testcases.masterpages.subpages_2.PartySubCategoryPageTest" name="Verify_Clicking_on_record_btn" time="2.112"/>
  <system-out/>
  <testcase classname="com.qa.testcases.masterpages.subpages_2.PartySubCategoryPageTest" name="Verify_Record_Add" time="11.848"/>
  <system-out/>
  <testcase classname="com.qa.testcases.masterpages.subpages_2.PartySubCategoryPageTest" name="Verify_Record_Already_exists" time="13.162"/>
  <system-out/>
  <testcase classname="com.qa.testcases.masterpages.subpages_2.PartySubCategoryPageTest" name="Verify_Validation_with_no_data" time="4.245"/>
  <system-out/>
  <testcase classname="com.qa.testcases.masterpages.subpages_2.PartySubCategoryPageTest" name="Verify_Record_Edited" time="5.382"/>
  <system-out/>
  <testcase classname="com.qa.testcases.masterpages.subpages_2.PartySubCategoryPageTest" name="Verify_Record_ToggleStatus" time="11.658"/>
  <system-out/>
  <testcase classname="com.qa.testcases.masterpages.subpages_2.PartySubCategoryPageTest" name="Verify_No_Record_found" time="2.142"/>
  <system-out/>
  <testcase classname="com.qa.testcases.masterpages.subpages_2.PartySubCategoryPageTest" name="Verify_Pagination" time="22.641"/>
  <system-out/>
</testsuite> <!-- com.qa.testcases.masterpages.subpages_2.PartySubCategoryPageTest -->
