<?xml version="1.0" encoding="UTF-8"?>
<!-- Generated by org.testng.reporters.JUnitReportReporter -->
<testsuite hostname="ER2301053" failures="0" tests="9" name="com.qa.testcases.masterpages.subpages_3.CountryPageTest" time="69.253" errors="0" timestamp="2023-03-31T16:29:11 IST" skipped="0">
  <testcase classname="com.qa.testcases.masterpages.subpages_3.CountryPageTest" name="Verify_Navigation_to_menupage" time="3.182"/>
  <system-out/>
  <testcase classname="com.qa.testcases.masterpages.subpages_3.CountryPageTest" name="Verify_Clicking_on_record_btn" time="3.088"/>
  <system-out/>
  <testcase classname="com.qa.testcases.masterpages.subpages_3.CountryPageTest" name="Verify_Record_Add" time="6.290"/>
  <system-out/>
  <testcase classname="com.qa.testcases.masterpages.subpages_3.CountryPageTest" name="Verify_Record_Already_exists" time="9.669"/>
  <system-out/>
  <testcase classname="com.qa.testcases.masterpages.subpages_3.CountryPageTest" name="Verify_Validation_with_no_data" time="5.266"/>
  <system-out/>
  <testcase classname="com.qa.testcases.masterpages.subpages_3.CountryPageTest" name="Verify_Record_Edited" time="6.293"/>
  <system-out/>
  <testcase classname="com.qa.testcases.masterpages.subpages_3.CountryPageTest" name="Verify_Record_ToggleStatus" time="14.686"/>
  <system-out/>
  <testcase classname="com.qa.testcases.masterpages.subpages_3.CountryPageTest" name="Verify_No_Record_found" time="3.157"/>
  <system-out/>
  <testcase classname="com.qa.testcases.masterpages.subpages_3.CountryPageTest" name="Verify_Pagination" time="17.622"/>
  <system-out/>
</testsuite> <!-- com.qa.testcases.masterpages.subpages_3.CountryPageTest -->
