<?xml version="1.0" encoding="UTF-8"?>
<!-- Generated by org.testng.reporters.JUnitReportReporter -->
<testsuite hostname="P-A-R-T-H-P-A-T-E-L" failures="0" tests="13" name="com.qa.testcases.Partylistpage.PartyListpageTest" time="170.203" errors="0" timestamp="2023-06-20T16:28:14 IST" skipped="0">
  <testcase classname="com.qa.testcases.Partylistpage.PartyListpageTest" name="Verify_partyNavigation" time="2.489"/>
  <system-out/>
  <testcase classname="com.qa.testcases.Partylistpage.PartyListpageTest" name="Verify_Open_partyadd_pate" time="0.525"/>
  <system-out/>
  <testcase classname="com.qa.testcases.Partylistpage.PartyListpageTest" name="Verify_fill_Partyinformation" time="27.273"/>
  <system-out/>
  <testcase classname="com.qa.testcases.Partylistpage.PartyListpageTest" name="Verify_fill_contectinformation" time="2.891"/>
  <system-out/>
  <testcase classname="com.qa.testcases.Partylistpage.PartyListpageTest" name="Verify_fill_Refrenceinformation" time="27.557"/>
  <system-out/>
  <testcase classname="com.qa.testcases.Partylistpage.PartyListpageTest" name="Verify_Party_save_button" time="0.283"/>
  <system-out/>
  <testcase classname="com.qa.testcases.Partylistpage.PartyListpageTest" name="Verify_Category_AddSection" time="32.173"/>
  <system-out/>
  <testcase classname="com.qa.testcases.Partylistpage.PartyListpageTest" name="Verify_Process_AddSection" time="14.978"/>
  <system-out/>
  <testcase classname="com.qa.testcases.Partylistpage.PartyListpageTest" name="Verify_edit_party_details" time="15.545"/>
  <system-out/>
  <testcase classname="com.qa.testcases.Partylistpage.PartyListpageTest" name="Verify_edit_categoryprocess_details" time="25.788"/>
  <system-out/>
  <testcase classname="com.qa.testcases.Partylistpage.PartyListpageTest" name="Verify_listpage_toggel" time="4.357"/>
  <system-out/>
  <testcase classname="com.qa.testcases.Partylistpage.PartyListpageTest" name="Verify_listpage_pagination" time="11.554"/>
  <system-out/>
  <testcase classname="com.qa.testcases.Partylistpage.PartyListpageTest" name="Verify_listpage_searchbar" time="4.790"/>
  <system-out/>
</testsuite> <!-- com.qa.testcases.Partylistpage.PartyListpageTest -->
