<?xml version="1.0" encoding="UTF-8"?>
<!-- Generated by org.testng.reporters.JUnitReportReporter -->
<testsuite hostname="ER2301053" failures="0" tests="9" name="com.qa.testcases.masterpages.subpages_2.DocumentTypePageTest" time="104.837" errors="0" timestamp="2023-03-31T12:39:12 IST" skipped="0">
  <testcase classname="com.qa.testcases.masterpages.subpages_2.DocumentTypePageTest" name="Verify_Navigation_to_menupage" time="3.198"/>
  <system-out/>
  <testcase classname="com.qa.testcases.masterpages.subpages_2.DocumentTypePageTest" name="Verify_Clicking_on_record_btn" time="3.095"/>
  <system-out/>
  <testcase classname="com.qa.testcases.masterpages.subpages_2.DocumentTypePageTest" name="Verify_Record_Add" time="6.315"/>
  <system-out/>
  <testcase classname="com.qa.testcases.masterpages.subpages_2.DocumentTypePageTest" name="Verify_Record_Already_exists" time="9.664"/>
  <system-out/>
  <testcase classname="com.qa.testcases.masterpages.subpages_2.DocumentTypePageTest" name="Verify_Validation_with_no_data" time="5.261"/>
  <system-out/>
  <testcase classname="com.qa.testcases.masterpages.subpages_2.DocumentTypePageTest" name="Verify_Record_Edited" time="6.277"/>
  <system-out/>
  <testcase classname="com.qa.testcases.masterpages.subpages_2.DocumentTypePageTest" name="Verify_Record_ToggleStatus" time="14.641"/>
  <system-out/>
  <testcase classname="com.qa.testcases.masterpages.subpages_2.DocumentTypePageTest" name="Verify_No_Record_found" time="3.148"/>
  <system-out/>
  <testcase classname="com.qa.testcases.masterpages.subpages_2.DocumentTypePageTest" name="Verify_Pagination" time="53.238"/>
  <system-out/>
</testsuite> <!-- com.qa.testcases.masterpages.subpages_2.DocumentTypePageTest -->
