<?xml version="1.0" encoding="UTF-8"?>
<!-- Generated by org.testng.reporters.JUnitReportReporter -->
<testsuite hostname="P-A-R-T-H-P-A-T-E-L" failures="0" tests="10" name="com.qa.testcases.inwardlist.JobWorkInspectionPageTest" time="163.959" errors="0" timestamp="2023-06-22T12:31:00 IST" skipped="0">
  <testcase classname="com.qa.testcases.inwardlist.JobWorkInspectionPageTest" name="Verify_Navigation" time="6.383"/>
  <system-out/>
  <testcase classname="com.qa.testcases.inwardlist.JobWorkInspectionPageTest" name="Verify_inwardbutton_click" time="0.132"/>
  <system-out/>
  <testcase classname="com.qa.testcases.inwardlist.JobWorkInspectionPageTest" name="Verify_filldata_DocumentDeatils" time="35.640"/>
  <system-out/>
  <testcase classname="com.qa.testcases.inwardlist.JobWorkInspectionPageTest" name="Verify_fill_data_DocumentLines" time="24.654"/>
  <system-out/>
  <testcase classname="com.qa.testcases.inwardlist.JobWorkInspectionPageTest" name="Verify_fill_data_JangadExpenseDetails" time="72.750"/>
  <system-out/>
  <testcase classname="com.qa.testcases.inwardlist.JobWorkInspectionPageTest" name="Verify_ValidateConfirmationRecord" time="1.070"/>
  <system-out/>
  <testcase classname="com.qa.testcases.inwardlist.JobWorkInspectionPageTest" name="Verify_ValidateDisableFields" time="2.126"/>
  <system-out/>
  <testcase classname="com.qa.testcases.inwardlist.JobWorkInspectionPageTest" name="Verify_ValidateEditFunctionality" time="10.883"/>
  <system-out/>
  <testcase classname="com.qa.testcases.inwardlist.JobWorkInspectionPageTest" name="Verify_search_functionality_test" time="4.312"/>
  <system-out/>
  <testcase classname="com.qa.testcases.inwardlist.JobWorkInspectionPageTest" name="pagination_functionality" time="6.009"/>
  <system-out/>
</testsuite> <!-- com.qa.testcases.inwardlist.JobWorkInspectionPageTest -->
