<?xml version="1.0" encoding="UTF-8"?>
<!-- Generated by org.testng.reporters.JUnitReportReporter -->
<testsuite hostname="ER2301053" failures="0" tests="9" name="com.qa.testcases.masterpages.subpages_1.OccupationPageTest" time="105.389" errors="0" timestamp="2023-03-31T12:39:12 IST" skipped="0">
  <testcase classname="com.qa.testcases.masterpages.subpages_1.OccupationPageTest" name="Verify_Navigation_to_menupage" time="3.097"/>
  <system-out/>
  <testcase classname="com.qa.testcases.masterpages.subpages_1.OccupationPageTest" name="Verify_Clicking_on_record_btn" time="3.127"/>
  <system-out/>
  <testcase classname="com.qa.testcases.masterpages.subpages_1.OccupationPageTest" name="Verify_Record_Add" time="6.533"/>
  <system-out/>
  <testcase classname="com.qa.testcases.masterpages.subpages_1.OccupationPageTest" name="Verify_Record_Already_exists" time="9.746"/>
  <system-out/>
  <testcase classname="com.qa.testcases.masterpages.subpages_1.OccupationPageTest" name="Verify_Validation_with_no_data" time="5.299"/>
  <system-out/>
  <testcase classname="com.qa.testcases.masterpages.subpages_1.OccupationPageTest" name="Verify_Record_Edited" time="6.373"/>
  <system-out/>
  <testcase classname="com.qa.testcases.masterpages.subpages_1.OccupationPageTest" name="Verify_Record_ToggleStatus" time="14.781"/>
  <system-out/>
  <testcase classname="com.qa.testcases.masterpages.subpages_1.OccupationPageTest" name="Verify_No_Record_found" time="3.154"/>
  <system-out/>
  <testcase classname="com.qa.testcases.masterpages.subpages_1.OccupationPageTest" name="Verify_Pagination" time="53.279"/>
  <system-out/>
</testsuite> <!-- com.qa.testcases.masterpages.subpages_1.OccupationPageTest -->
