<?xml version="1.0" encoding="UTF-8"?>
<!-- Generated by org.testng.reporters.JUnitReportReporter -->
<testsuite hostname="ER2301053" failures="0" tests="9" name="com.qa.testcases.masterpages.subpages_5.PartyTypePageTest" time="96.383" errors="0" timestamp="2023-04-04T16:31:27 IST" skipped="0">
  <testcase classname="com.qa.testcases.masterpages.subpages_5.PartyTypePageTest" name="Verify_Navigation_to_menupage" time="3.261"/>
  <system-out/>
  <testcase classname="com.qa.testcases.masterpages.subpages_5.PartyTypePageTest" name="Verify_Clicking_on_record_btn" time="2.160"/>
  <system-out/>
  <testcase classname="com.qa.testcases.masterpages.subpages_5.PartyTypePageTest" name="Verify_Record_Add" time="20.453"/>
  <system-out/>
  <testcase classname="com.qa.testcases.masterpages.subpages_5.PartyTypePageTest" name="Verify_Record_Already_exists" time="24.887"/>
  <system-out/>
  <testcase classname="com.qa.testcases.masterpages.subpages_5.PartyTypePageTest" name="Verify_Validation_with_no_data" time="4.388"/>
  <system-out/>
  <testcase classname="com.qa.testcases.masterpages.subpages_5.PartyTypePageTest" name="Verify_Record_Edited" time="5.463"/>
  <system-out/>
  <testcase classname="com.qa.testcases.masterpages.subpages_5.PartyTypePageTest" name="Verify_Record_ToggleStatus" time="15.834"/>
  <system-out/>
  <testcase classname="com.qa.testcases.masterpages.subpages_5.PartyTypePageTest" name="Verify_No_Record_found" time="2.167"/>
  <system-out/>
  <testcase classname="com.qa.testcases.masterpages.subpages_5.PartyTypePageTest" name="Verify_Pagination" time="17.770"/>
  <system-out/>
</testsuite> <!-- com.qa.testcases.masterpages.subpages_5.PartyTypePageTest -->
