<?xml version="1.0" encoding="UTF-8"?>
<!-- Generated by org.testng.reporters.JUnitReportReporter -->
<testsuite hostname="ER2301053" failures="0" tests="9" name="com.qa.testcases.masterpages.subpages_3.TransactionTypePageTest" time="74.243" errors="0" timestamp="2023-03-31T17:04:27 IST" skipped="0">
  <testcase classname="com.qa.testcases.masterpages.subpages_3.TransactionTypePageTest" name="Verify_Navigation_to_menupage" time="3.205"/>
  <system-out/>
  <testcase classname="com.qa.testcases.masterpages.subpages_3.TransactionTypePageTest" name="Verify_Clicking_on_record_btn" time="3.087"/>
  <system-out/>
  <testcase classname="com.qa.testcases.masterpages.subpages_3.TransactionTypePageTest" name="Verify_Record_Add" time="6.312"/>
  <system-out/>
  <testcase classname="com.qa.testcases.masterpages.subpages_3.TransactionTypePageTest" name="Verify_Record_Already_exists" time="9.645"/>
  <system-out/>
  <testcase classname="com.qa.testcases.masterpages.subpages_3.TransactionTypePageTest" name="Verify_Validation_with_no_data" time="5.243"/>
  <system-out/>
  <testcase classname="com.qa.testcases.masterpages.subpages_3.TransactionTypePageTest" name="Verify_Record_Edited" time="6.318"/>
  <system-out/>
  <testcase classname="com.qa.testcases.masterpages.subpages_3.TransactionTypePageTest" name="Verify_Record_ToggleStatus" time="14.660"/>
  <system-out/>
  <testcase classname="com.qa.testcases.masterpages.subpages_3.TransactionTypePageTest" name="Verify_No_Record_found" time="3.159"/>
  <system-out/>
  <testcase classname="com.qa.testcases.masterpages.subpages_3.TransactionTypePageTest" name="Verify_Pagination" time="22.614"/>
  <system-out/>
</testsuite> <!-- com.qa.testcases.masterpages.subpages_3.TransactionTypePageTest -->
