<?xml version="1.0" encoding="UTF-8"?>
<!-- Generated by org.testng.reporters.JUnitReportReporter -->
<testsuite hostname="P-A-R-T-H-P-A-T-E-L" failures="0" tests="9" name="com.qa.testcases.masterpages.subpages_1.AccountTypePageTest" time="87.143" errors="0" timestamp="2023-06-13T15:57:36 IST" skipped="0">
  <testcase classname="com.qa.testcases.masterpages.subpages_1.AccountTypePageTest" name="Verify_Navigation_to_menupage" time="3.161"/>
  <system-out/>
  <testcase classname="com.qa.testcases.masterpages.subpages_1.AccountTypePageTest" name="Verify_Clicking_on_record_btn" time="2.094"/>
  <system-out/>
  <testcase classname="com.qa.testcases.masterpages.subpages_1.AccountTypePageTest" name="Verify_Record_Add" time="6.669"/>
  <system-out/>
  <testcase classname="com.qa.testcases.masterpages.subpages_1.AccountTypePageTest" name="Verify_Record_Already_exists" time="7.953"/>
  <system-out/>
  <testcase classname="com.qa.testcases.masterpages.subpages_1.AccountTypePageTest" name="Verify_Validation_with_no_data" time="4.267"/>
  <system-out/>
  <testcase classname="com.qa.testcases.masterpages.subpages_1.AccountTypePageTest" name="Verify_Record_Edited" time="5.593"/>
  <system-out/>
  <testcase classname="com.qa.testcases.masterpages.subpages_1.AccountTypePageTest" name="Verify_Record_ToggleStatus" time="11.743"/>
  <system-out/>
  <testcase classname="com.qa.testcases.masterpages.subpages_1.AccountTypePageTest" name="Verify_No_Record_found" time="2.182"/>
  <system-out/>
  <testcase classname="com.qa.testcases.masterpages.subpages_1.AccountTypePageTest" name="Verify_Pagination" time="43.481"/>
  <system-out/>
</testsuite> <!-- com.qa.testcases.masterpages.subpages_1.AccountTypePageTest -->
