<?xml version="1.0" encoding="UTF-8"?>
<!-- Generated by org.testng.reporters.JUnitReportReporter -->
<testsuite hostname="ER2301053" failures="0" tests="9" name="com.qa.testcases.masterpages.subpages_3.ExchangeTypePageTest" time="74.117" errors="0" timestamp="2023-03-31T17:21:44 IST" skipped="0">
  <testcase classname="com.qa.testcases.masterpages.subpages_3.ExchangeTypePageTest" name="Verify_Navigation_to_menupage" time="3.158"/>
  <system-out/>
  <testcase classname="com.qa.testcases.masterpages.subpages_3.ExchangeTypePageTest" name="Verify_Clicking_on_record_btn" time="3.091"/>
  <system-out/>
  <testcase classname="com.qa.testcases.masterpages.subpages_3.ExchangeTypePageTest" name="Verify_Record_Add" time="6.289"/>
  <system-out/>
  <testcase classname="com.qa.testcases.masterpages.subpages_3.ExchangeTypePageTest" name="Verify_Record_Already_exists" time="9.631"/>
  <system-out/>
  <testcase classname="com.qa.testcases.masterpages.subpages_3.ExchangeTypePageTest" name="Verify_Validation_with_no_data" time="5.265"/>
  <system-out/>
  <testcase classname="com.qa.testcases.masterpages.subpages_3.ExchangeTypePageTest" name="Verify_Record_Edited" time="6.282"/>
  <system-out/>
  <testcase classname="com.qa.testcases.masterpages.subpages_3.ExchangeTypePageTest" name="Verify_Record_ToggleStatus" time="14.630"/>
  <system-out/>
  <testcase classname="com.qa.testcases.masterpages.subpages_3.ExchangeTypePageTest" name="Verify_No_Record_found" time="3.152"/>
  <system-out/>
  <testcase classname="com.qa.testcases.masterpages.subpages_3.ExchangeTypePageTest" name="Verify_Pagination" time="22.619"/>
  <system-out/>
</testsuite> <!-- com.qa.testcases.masterpages.subpages_3.ExchangeTypePageTest -->
