<?xml version="1.0" encoding="UTF-8"?>
<!-- Generated by org.testng.reporters.JUnitReportReporter -->
<testsuite hostname="ER2301053" failures="0" tests="9" name="com.qa.testcases.masterpages.subpages_2.PartyRelationTypePageTest" time="85.012" errors="0" timestamp="2023-03-31T12:52:29 IST" skipped="0">
  <testcase classname="com.qa.testcases.masterpages.subpages_2.PartyRelationTypePageTest" name="Verify_Navigation_to_menupage" time="3.204"/>
  <system-out/>
  <testcase classname="com.qa.testcases.masterpages.subpages_2.PartyRelationTypePageTest" name="Verify_Clicking_on_record_btn" time="3.107"/>
  <system-out/>
  <testcase classname="com.qa.testcases.masterpages.subpages_2.PartyRelationTypePageTest" name="Verify_Record_Add" time="6.437"/>
  <system-out/>
  <testcase classname="com.qa.testcases.masterpages.subpages_2.PartyRelationTypePageTest" name="Verify_Record_Already_exists" time="9.779"/>
  <system-out/>
  <testcase classname="com.qa.testcases.masterpages.subpages_2.PartyRelationTypePageTest" name="Verify_Validation_with_no_data" time="5.266"/>
  <system-out/>
  <testcase classname="com.qa.testcases.masterpages.subpages_2.PartyRelationTypePageTest" name="Verify_Record_Edited" time="6.373"/>
  <system-out/>
  <testcase classname="com.qa.testcases.masterpages.subpages_2.PartyRelationTypePageTest" name="Verify_Record_ToggleStatus" time="14.658"/>
  <system-out/>
  <testcase classname="com.qa.testcases.masterpages.subpages_2.PartyRelationTypePageTest" name="Verify_No_Record_found" time="3.159"/>
  <system-out/>
  <testcase classname="com.qa.testcases.masterpages.subpages_2.PartyRelationTypePageTest" name="Verify_Pagination" time="33.029"/>
  <system-out/>
</testsuite> <!-- com.qa.testcases.masterpages.subpages_2.PartyRelationTypePageTest -->
