<?xml version="1.0" encoding="UTF-8"?>
<!-- Generated by org.testng.reporters.JUnitReportReporter -->
<testsuite hostname="ER2301053" failures="0" tests="9" name="com.qa.testcases.masterpages.subpages_2.PartyCategoryPageTest" time="85.253" errors="0" timestamp="2023-03-31T12:19:57 IST" skipped="0">
  <testcase classname="com.qa.testcases.masterpages.subpages_2.PartyCategoryPageTest" name="Verify_Navigate_sub_menu" time="3.192"/>
  <system-out/>
  <testcase classname="com.qa.testcases.masterpages.subpages_2.PartyCategoryPageTest" name="Verify_Clicking_on_record_btn" time="3.104"/>
  <system-out/>
  <testcase classname="com.qa.testcases.masterpages.subpages_2.PartyCategoryPageTest" name="Verify_Record_Add" time="6.575"/>
  <system-out/>
  <testcase classname="com.qa.testcases.masterpages.subpages_2.PartyCategoryPageTest" name="Verify_Record_Already_exists" time="9.843"/>
  <system-out/>
  <testcase classname="com.qa.testcases.masterpages.subpages_2.PartyCategoryPageTest" name="Verify_Validation_with_no_data" time="5.298"/>
  <system-out/>
  <testcase classname="com.qa.testcases.masterpages.subpages_2.PartyCategoryPageTest" name="Verify_Record_Edited" time="6.399"/>
  <system-out/>
  <testcase classname="com.qa.testcases.masterpages.subpages_2.PartyCategoryPageTest" name="Verify_Record_ToggleStatus" time="14.667"/>
  <system-out/>
  <testcase classname="com.qa.testcases.masterpages.subpages_2.PartyCategoryPageTest" name="Verify_No_Record_found" time="3.150"/>
  <system-out/>
  <testcase classname="com.qa.testcases.masterpages.subpages_2.PartyCategoryPageTest" name="Verify_Pagination" time="33.025"/>
  <system-out/>
</testsuite> <!-- com.qa.testcases.masterpages.subpages_2.PartyCategoryPageTest -->
