<?xml version="1.0" encoding="UTF-8"?>
<!-- Generated by org.testng.reporters.JUnitReportReporter -->
<testsuite hostname="ER2301053" failures="0" tests="9" name="com.qa.testcases.masterpages.subpages_5.BuisinessActivityPageTest" time="78.070" errors="0" timestamp="2023-04-04T16:42:16 IST" skipped="0">
  <testcase classname="com.qa.testcases.masterpages.subpages_5.BuisinessActivityPageTest" name="Verify_Navigation_to_menupage" time="3.186"/>
  <system-out/>
  <testcase classname="com.qa.testcases.masterpages.subpages_5.BuisinessActivityPageTest" name="Verify_Clicking_on_record_btn" time="3.105"/>
  <system-out/>
  <testcase classname="com.qa.testcases.masterpages.subpages_5.BuisinessActivityPageTest" name="Verify_Record_Add" time="6.402"/>
  <system-out/>
  <testcase classname="com.qa.testcases.masterpages.subpages_5.BuisinessActivityPageTest" name="Verify_Record_Already_exists" time="10.758"/>
  <system-out/>
  <testcase classname="com.qa.testcases.masterpages.subpages_5.BuisinessActivityPageTest" name="Verify_Validation_with_no_data" time="5.274"/>
  <system-out/>
  <testcase classname="com.qa.testcases.masterpages.subpages_5.BuisinessActivityPageTest" name="Verify_Record_Edited" time="6.391"/>
  <system-out/>
  <testcase classname="com.qa.testcases.masterpages.subpages_5.BuisinessActivityPageTest" name="Verify_Record_ToggleStatus" time="15.179"/>
  <system-out/>
  <testcase classname="com.qa.testcases.masterpages.subpages_5.BuisinessActivityPageTest" name="Verify_No_Record_found" time="3.153"/>
  <system-out/>
  <testcase classname="com.qa.testcases.masterpages.subpages_5.BuisinessActivityPageTest" name="Verify_Pagination" time="24.622"/>
  <system-out/>
</testsuite> <!-- com.qa.testcases.masterpages.subpages_5.BuisinessActivityPageTest -->
