<?xml version="1.0" encoding="UTF-8"?>
<!-- Generated by org.testng.reporters.JUnitReportReporter -->
<testsuite hostname="ER2301053" failures="0" tests="9" name="com.qa.testcases.masterpages.subpages_3.WebsiteInformationPageTest" time="69.867" errors="0" timestamp="2023-03-31T16:52:29 IST" skipped="0">
  <testcase classname="com.qa.testcases.masterpages.subpages_3.WebsiteInformationPageTest" name="Verify_Navigation_to_menupage" time="3.173"/>
  <system-out/>
  <testcase classname="com.qa.testcases.masterpages.subpages_3.WebsiteInformationPageTest" name="Verify_Clicking_on_record_btn" time="3.101"/>
  <system-out/>
  <testcase classname="com.qa.testcases.masterpages.subpages_3.WebsiteInformationPageTest" name="Verify_Record_Add" time="6.539"/>
  <system-out/>
  <testcase classname="com.qa.testcases.masterpages.subpages_3.WebsiteInformationPageTest" name="Verify_Record_Already_exists" time="9.852"/>
  <system-out/>
  <testcase classname="com.qa.testcases.masterpages.subpages_3.WebsiteInformationPageTest" name="Verify_Validation_with_no_data" time="5.275"/>
  <system-out/>
  <testcase classname="com.qa.testcases.masterpages.subpages_3.WebsiteInformationPageTest" name="Verify_Record_Edited" time="6.450"/>
  <system-out/>
  <testcase classname="com.qa.testcases.masterpages.subpages_3.WebsiteInformationPageTest" name="Verify_Record_ToggleStatus" time="14.707"/>
  <system-out/>
  <testcase classname="com.qa.testcases.masterpages.subpages_3.WebsiteInformationPageTest" name="Verify_No_Record_found" time="3.161"/>
  <system-out/>
  <testcase classname="com.qa.testcases.masterpages.subpages_3.WebsiteInformationPageTest" name="Verify_Pagination" time="17.609"/>
  <system-out/>
</testsuite> <!-- com.qa.testcases.masterpages.subpages_3.WebsiteInformationPageTest -->
