<?xml version="1.0" encoding="UTF-8"?>
<!-- Generated by org.testng.reporters.JUnitReportReporter -->
<testsuite hostname="P-A-R-T-H-P-A-T-E-L" failures="0" tests="9" name="com.qa.testcases.masterpages.subpages_1.QualificationPageTest" time="144.036" errors="0" timestamp="2023-06-13T16:09:08 IST" skipped="0">
  <testcase classname="com.qa.testcases.masterpages.subpages_1.QualificationPageTest" name="Verify_Navigation_to_menupage" time="3.182"/>
  <system-out/>
  <testcase classname="com.qa.testcases.masterpages.subpages_1.QualificationPageTest" name="Verify_Clicking_on_record_btn" time="2.108"/>
  <system-out/>
  <testcase classname="com.qa.testcases.masterpages.subpages_1.QualificationPageTest" name="Verify_Record_Add" time="12.076"/>
  <system-out/>
  <testcase classname="com.qa.testcases.masterpages.subpages_1.QualificationPageTest" name="Verify_Record_Already_exists" time="8.022"/>
  <system-out/>
  <testcase classname="com.qa.testcases.masterpages.subpages_1.QualificationPageTest" name="Verify_Validation_with_no_data" time="4.301"/>
  <system-out/>
  <testcase classname="com.qa.testcases.masterpages.subpages_1.QualificationPageTest" name="Verify_Record_Edited" time="5.626"/>
  <system-out/>
  <testcase classname="com.qa.testcases.masterpages.subpages_1.QualificationPageTest" name="Verify_Record_ToggleStatus" time="11.682"/>
  <system-out/>
  <testcase classname="com.qa.testcases.masterpages.subpages_1.QualificationPageTest" name="Verify_No_Record_found" time="2.168"/>
  <system-out/>
  <testcase classname="com.qa.testcases.masterpages.subpages_1.QualificationPageTest" name="Verify_Pagination" time="94.871"/>
  <system-out/>
</testsuite> <!-- com.qa.testcases.masterpages.subpages_1.QualificationPageTest -->
