<?xml version="1.0" encoding="UTF-8"?>
<!-- Generated by org.testng.reporters.JUnitReportReporter -->
<testsuite hostname="ER2301053" failures="0" tests="9" name="com.qa.testcases.masterpages.subpages_2.SourcePageTest" time="74.623" errors="0" timestamp="2023-03-31T16:21:25 IST" skipped="0">
  <testcase classname="com.qa.testcases.masterpages.subpages_2.SourcePageTest" name="Verify_Navigation_to_menupage" time="3.170"/>
  <system-out/>
  <testcase classname="com.qa.testcases.masterpages.subpages_2.SourcePageTest" name="Verify_Clicking_on_record_btn" time="3.109"/>
  <system-out/>
  <testcase classname="com.qa.testcases.masterpages.subpages_2.SourcePageTest" name="Verify_Record_Add" time="6.421"/>
  <system-out/>
  <testcase classname="com.qa.testcases.masterpages.subpages_2.SourcePageTest" name="Verify_Record_Already_exists" time="9.804"/>
  <system-out/>
  <testcase classname="com.qa.testcases.masterpages.subpages_2.SourcePageTest" name="Verify_Validation_with_no_data" time="5.272"/>
  <system-out/>
  <testcase classname="com.qa.testcases.masterpages.subpages_2.SourcePageTest" name="Verify_Record_Edited" time="6.372"/>
  <system-out/>
  <testcase classname="com.qa.testcases.masterpages.subpages_2.SourcePageTest" name="Verify_Record_ToggleStatus" time="14.701"/>
  <system-out/>
  <testcase classname="com.qa.testcases.masterpages.subpages_2.SourcePageTest" name="Verify_No_Record_found" time="3.145"/>
  <system-out/>
  <testcase classname="com.qa.testcases.masterpages.subpages_2.SourcePageTest" name="Verify_Pagination" time="22.629"/>
  <system-out/>
</testsuite> <!-- com.qa.testcases.masterpages.subpages_2.SourcePageTest -->
